0 info it worked if it ends with ok
1 verbose cli [ 'c:\\Program Files\\nodejs\\node.exe',
1 verbose cli   'c:\\Program Files\\nodejs\\node_modules\\npm\\bin\\npm-cli.js',
1 verbose cli   'publish' ]
2 info using npm@2.11.3
3 info using node@v0.12.7
4 verbose publish [ '.' ]
5 silly cache add args [ '.', null ]
6 verbose cache add spec .
7 silly cache add parsed spec { raw: '.',
7 silly cache add   scope: null,
7 silly cache add   name: null,
7 silly cache add   rawSpec: '.',
7 silly cache add   spec: 'c:\\Users\\黄硕\\Project\\WMM_Temp',
7 silly cache add   type: 'directory' }
8 verbose addLocalDirectory C:\Users\黄硕\AppData\Roaming\npm-cache\coffee-jsx-sass-react-webpack-template\0.0.1\package.tgz not in flight; packing
9 verbose tar pack [ 'C:\\Users\\黄硕\\AppData\\Roaming\\npm-cache\\coffee-jsx-sass-react-webpack-template\\0.0.1\\package.tgz',
9 verbose tar pack   'c:\\Users\\黄硕\\Project\\WMM_Temp' ]
10 verbose tarball C:\Users\黄硕\AppData\Roaming\npm-cache\coffee-jsx-sass-react-webpack-template\0.0.1\package.tgz
11 verbose folder c:\Users\黄硕\Project\WMM_Temp
12 info prepublish coffee-jsx-sass-react-webpack-template@0.0.1
13 verbose addLocalTarball adding from inside cache C:\Users\黄硕\AppData\Roaming\npm-cache\coffee-jsx-sass-react-webpack-template\0.0.1\package.tgz
14 silly cache afterAdd coffee-jsx-sass-react-webpack-template@0.0.1
15 verbose afterAdd C:\Users\黄硕\AppData\Roaming\npm-cache\coffee-jsx-sass-react-webpack-template\0.0.1\package\package.json not in flight; writing
16 verbose afterAdd C:\Users\黄硕\AppData\Roaming\npm-cache\coffee-jsx-sass-react-webpack-template\0.0.1\package\package.json written
17 silly publish { name: 'coffee-jsx-sass-react-webpack-template',
17 silly publish   version: '0.0.1',
17 silly publish   description: 'cool template project got everything set up outta box',
17 silly publish   main: 'index.js',
17 silly publish   scripts:
17 silly publish    { build: 'webpack -p',
17 silly publish      dev: 'webpack-dev-server --devtool eval --progress --colors --hot --content-base dist/',
17 silly publish      test: 'echo "Error: no test specified" && exit 1' },
17 silly publish   keywords: [ 'coffee', 'cjsx', 'sass', 'react', 'webpack', 'template' ],
17 silly publish   author: { name: 'Shuo Huang' },
17 silly publish   license: 'ISC',
17 silly publish   dependencies:
17 silly publish    { d3: '^3.5.6',
17 silly publish      flux: '^2.1.1',
17 silly publish      react: '^0.13.3',
17 silly publish      'react-router': '^0.13.3' },
17 silly publish   devDependencies:
17 silly publish    { 'coffee-jsx-loader': '^0.1.3',
17 silly publish      'css-loader': '^0.17.0',
17 silly publish      'html-loader': '^0.3.0',
17 silly publish      'node-sass': '^3.3.2',
17 silly publish      'sass-loader': '^2.0.1',
17 silly publish      'style-loader': '^0.12.3',
17 silly publish      webpack: '^1.12.1',
17 silly publish      'webpack-dev-server': '^1.10.1' },
17 silly publish   readme: '#Coffee Jsx Sass React Webpack Template\r\n\r\nThis package will do the following for you\r\n1. Compile your cjsx\r\n2. Link all the modules in common.js format\r\n3. Compile your sass\r\n4. Concat all of them into on file, in _dist/_ folder, with filename **app.js**\r\n5. It also do live reload to any changes to both sass or cjsx files\r\n6. You will have to copy index.html from _src/_ to _dist/_ manually\r\n\r\nRun the following command to see the effects:\r\n1. npm run build  \r\nThis command will compile everything into a compressed js file to _dist/_ folder\r\n2. npm run dev  \r\nThis command will run a live reload server @ localhost:8080, you may open this\r\naddress in the browser\r\n',
17 silly publish   readmeFilename: 'README.md',
17 silly publish   gitHead: 'e118617915524f91ed2f192d5102f812934c52ce',
17 silly publish   _id: 'coffee-jsx-sass-react-webpack-template@0.0.1',
17 silly publish   _shasum: '16faf9b1ece5a4040c7a9cdc9334195949e6e691',
17 silly publish   _from: '.' }
18 verbose getPublishConfig undefined
19 silly mapToRegistry name coffee-jsx-sass-react-webpack-template
20 silly mapToRegistry using default registry
21 silly mapToRegistry registry https://registry.npmjs.org/
22 silly mapToRegistry uri https://registry.npmjs.org/coffee-jsx-sass-react-webpack-template
23 verbose publish registryBase https://registry.npmjs.org/
24 silly publish uploading C:\Users\黄硕\AppData\Roaming\npm-cache\coffee-jsx-sass-react-webpack-template\0.0.1\package.tgz
25 verbose request uri https://registry.npmjs.org/coffee-jsx-sass-react-webpack-template
26 verbose request sending authorization for write operation
27 info attempt registry request try #1 at 20:19:41
28 verbose request using bearer token for auth
29 verbose request id 1906f42626610ebd
30 http request PUT https://registry.npmjs.org/coffee-jsx-sass-react-webpack-template
31 http 403 https://registry.npmjs.org/coffee-jsx-sass-react-webpack-template
32 verbose headers { 'content-type': 'application/json',
32 verbose headers   'cache-control': 'max-age=60',
32 verbose headers   'content-length': '95',
32 verbose headers   'accept-ranges': 'bytes',
32 verbose headers   date: 'Wed, 09 Sep 2015 12:19:45 GMT',
32 verbose headers   via: '1.1 varnish',
32 verbose headers   connection: 'keep-alive',
32 verbose headers   'x-served-by': 'cache-nrt6125-NRT',
32 verbose headers   'x-cache': 'MISS',
32 verbose headers   'x-cache-hits': '0',
32 verbose headers   'x-timer': 'S1441801185.015745,VS0,VE521' }
33 verbose request invalidating C:\Users\黄硕\AppData\Roaming\npm-cache\registry.npmjs.org\coffee-jsx-sass-react-webpack-template on PUT
34 error publish Failed PUT 403
35 verbose stack Error: "You cannot publish over the previously published version 0.0.1." : coffee-jsx-sass-react-webpack-template
35 verbose stack     at CachingRegistryClient.<anonymous> (c:\Program Files\nodejs\node_modules\npm\node_modules\npm-registry-client\lib\request.js:247:14)
35 verbose stack     at Request._callback (c:\Program Files\nodejs\node_modules\npm\node_modules\npm-registry-client\lib\request.js:170:14)
35 verbose stack     at Request.self.callback (c:\Program Files\nodejs\node_modules\npm\node_modules\request\request.js:354:22)
35 verbose stack     at Request.emit (events.js:110:17)
35 verbose stack     at Request.<anonymous> (c:\Program Files\nodejs\node_modules\npm\node_modules\request\request.js:1207:14)
35 verbose stack     at Request.emit (events.js:129:20)
35 verbose stack     at IncomingMessage.<anonymous> (c:\Program Files\nodejs\node_modules\npm\node_modules\request\request.js:1153:12)
35 verbose stack     at IncomingMessage.emit (events.js:129:20)
35 verbose stack     at _stream_readable.js:908:16
35 verbose stack     at process._tickCallback (node.js:355:11)
36 verbose statusCode 403
37 verbose pkgid coffee-jsx-sass-react-webpack-template
38 verbose cwd c:\Users\黄硕\Project\WMM_Temp
39 error Windows_NT 6.3.9600
40 error argv "c:\\Program Files\\nodejs\\node.exe" "c:\\Program Files\\nodejs\\node_modules\\npm\\bin\\npm-cli.js" "publish"
41 error node v0.12.7
42 error npm  v2.11.3
43 error code E403
44 error "You cannot publish over the previously published version 0.0.1." : coffee-jsx-sass-react-webpack-template
45 error If you need help, you may report this error at:
45 error     <https://github.com/npm/npm/issues>
46 verbose exit [ 1, true ]
